
   Illuminate\Database\QueryException 

  SQLSTATE[42S22]: Column not found: 1054 Unknown column 'dates' in 'where clause' (SQL: select * from `users` where `dates` is not null)

  at C:\xampp\htdocs\Testing\taskManagement\vendor\laravel\framework\src\Illuminate\Database\Connection.php:760
    756▕         // If an exception occurs when attempting to run a query, we'll format the error
    757▕         // message to include the bindings with SQL, which will make this exception a
    758▕         // lot more helpful to the developer instead of just the database's errors.
    759▕         catch (Exception $e) {
  ➜ 760▕             throw new QueryException(
    761▕                 $query, $this->prepareBindings($bindings), $e
    762▕             );
    763▕         }
    764▕     }

  i   A column was not found: You might have forgotten to run your database migrations. 
      https://laravel.com/docs/master/migrations#running-migrations

  1   C:\xampp\htdocs\Testing\taskManagement\vendor\laravel\framework\src\Illuminate\Database\Connection.php:414
      PDOException::("SQLSTATE[42S22]: Column not found: 1054 Unknown column 'dates' in 'where clause'")

  2   C:\xampp\htdocs\Testing\taskManagement\vendor\laravel\framework\src\Illuminate\Database\Connection.php:414
      PDO::prepare("select * from `users` where `dates` is not null")

   Illuminate\Database\QueryException 

  SQLSTATE[42S22]: Column not found: 1054 Unknown column 'dates' in 'where clause' (SQL: select * from `users` where `dates` is not null)

  at C:\xampp\htdocs\Testing\taskManagement\vendor\laravel\framework\src\Illuminate\Database\Connection.php:760
    756▕         // If an exception occurs when attempting to run a query, we'll format the error
    757▕         // message to include the bindings with SQL, which will make this exception a
    758▕         // lot more helpful to the developer instead of just the database's errors.
    759▕         catch (Exception $e) {
  ➜ 760▕             throw new QueryException(
    761▕                 $query, $this->prepareBindings($bindings), $e
    762▕             );
    763▕         }
    764▕     }

  i   A column was not found: You might have forgotten to run your database migrations. 
      https://laravel.com/docs/master/migrations#running-migrations

  1   C:\xampp\htdocs\Testing\taskManagement\vendor\laravel\framework\src\Illuminate\Database\Connection.php:414
      PDOException::("SQLSTATE[42S22]: Column not found: 1054 Unknown column 'dates' in 'where clause'")

  2   C:\xampp\htdocs\Testing\taskManagement\vendor\laravel\framework\src\Illuminate\Database\Connection.php:414
      PDO::prepare("select * from `users` where `dates` is not null")

   Illuminate\Database\QueryException 

  SQLSTATE[42S22]: Column not found: 1054 Unknown column 'dates' in 'where clause' (SQL: select * from `users` where `dates` is not null)

  at C:\xampp\htdocs\Testing\taskManagement\vendor\laravel\framework\src\Illuminate\Database\Connection.php:760
    756▕         // If an exception occurs when attempting to run a query, we'll format the error
    757▕         // message to include the bindings with SQL, which will make this exception a
    758▕         // lot more helpful to the developer instead of just the database's errors.
    759▕         catch (Exception $e) {
  ➜ 760▕             throw new QueryException(
    761▕                 $query, $this->prepareBindings($bindings), $e
    762▕             );
    763▕         }
    764▕     }

  i   A column was not found: You might have forgotten to run your database migrations. 
      https://laravel.com/docs/master/migrations#running-migrations

  1   C:\xampp\htdocs\Testing\taskManagement\vendor\laravel\framework\src\Illuminate\Database\Connection.php:414
      PDOException::("SQLSTATE[42S22]: Column not found: 1054 Unknown column 'dates' in 'where clause'")

  2   C:\xampp\htdocs\Testing\taskManagement\vendor\laravel\framework\src\Illuminate\Database\Connection.php:414
      PDO::prepare("select * from `users` where `dates` is not null")

   Illuminate\Database\QueryException 

  SQLSTATE[42S22]: Column not found: 1054 Unknown column 'dates' in 'where clause' (SQL: select * from `users` where `dates` is not null)

  at C:\xampp\htdocs\Testing\taskManagement\vendor\laravel\framework\src\Illuminate\Database\Connection.php:760
    756▕         // If an exception occurs when attempting to run a query, we'll format the error
    757▕         // message to include the bindings with SQL, which will make this exception a
    758▕         // lot more helpful to the developer instead of just the database's errors.
    759▕         catch (Exception $e) {
  ➜ 760▕             throw new QueryException(
    761▕                 $query, $this->prepareBindings($bindings), $e
    762▕             );
    763▕         }
    764▕     }

  i   A column was not found: You might have forgotten to run your database migrations. 
      https://laravel.com/docs/master/migrations#running-migrations

  1   C:\xampp\htdocs\Testing\taskManagement\vendor\laravel\framework\src\Illuminate\Database\Connection.php:414
      PDOException::("SQLSTATE[42S22]: Column not found: 1054 Unknown column 'dates' in 'where clause'")

  2   C:\xampp\htdocs\Testing\taskManagement\vendor\laravel\framework\src\Illuminate\Database\Connection.php:414
      PDO::prepare("select * from `users` where `dates` is not null")
